[0m13:58:37.580003 [debug] [MainThread]: Sending event: {'category': 'dbt', 'action': 'invocation', 'label': 'start', 'context': [<snowplow_tracker.self_describing_json.SelfDescribingJson object at 0x000001BAEC93AC60>, <snowplow_tracker.self_describing_json.SelfDescribingJson object at 0x000001BAE9CC5130>, <snowplow_tracker.self_describing_json.SelfDescribingJson object at 0x000001BAEC378740>]}


============================== 13:58:37.592933 | 5c53a04c-be2a-40b4-b878-e117c507e35e ==============================
[0m13:58:37.592933 [info ] [MainThread]: Running with dbt=1.9.0-b2
[0m13:58:37.595701 [debug] [MainThread]: running dbt with arguments {'printer_width': '80', 'indirect_selection': 'eager', 'log_cache_events': 'False', 'write_json': 'True', 'partial_parse': 'True', 'cache_selected_only': 'False', 'warn_error': 'None', 'fail_fast': 'False', 'debug': 'False', 'log_path': 'logs', 'profiles_dir': 'C:\\Users\\camil\\.dbt', 'version_check': 'True', 'use_colors': 'True', 'use_experimental_parser': 'False', 'empty': 'None', 'quiet': 'False', 'no_print': 'None', 'warn_error_options': 'WarnErrorOptions(include=[], exclude=[])', 'introspect': 'True', 'invocation_command': 'dbt init', 'static_parser': 'True', 'target_path': 'None', 'log_format': 'default', 'send_anonymous_usage_stats': 'True'}
[0m13:58:37.700807 [warn ] [MainThread]: [ConfigFolderDirectory]: Unable to parse dict {'dir': WindowsPath('C:/Users/camil/.dbt')}
[0m13:58:37.701821 [info ] [MainThread]: Creating dbt configuration folder at 
[0m13:59:14.563063 [debug] [MainThread]: Starter project path: C:\Users\camil\.pyenv\pyenv-win\versions\3.12.1\Lib\site-packages\dbt\include\starter_project
[0m13:59:14.587904 [info ] [MainThread]: 
Your new dbt project "datawarehouse" was created!

For more information on how to configure the profiles.yml file,
please consult the dbt documentation here:

  https://docs.getdbt.com/docs/configure-your-profile

One more thing:

Need help? Don't hesitate to reach out to us via GitHub issues or on Slack:

  https://community.getdbt.com/

Happy modeling!

[0m13:59:14.591445 [info ] [MainThread]: Setting up your profile.
[0m14:00:57.538815 [info ] [MainThread]: Profile datawarehouse written to C:\Users\camil\.dbt\profiles.yml using target's profile_template.yml and your supplied values. Run 'dbt debug' to validate the connection.
[0m14:00:57.540776 [debug] [MainThread]: Command `dbt init` succeeded at 14:00:57.540776 after 140.20 seconds
[0m14:00:57.541775 [debug] [MainThread]: Sending event: {'category': 'dbt', 'action': 'invocation', 'label': 'end', 'context': [<snowplow_tracker.self_describing_json.SelfDescribingJson object at 0x000001BAE9DB7260>, <snowplow_tracker.self_describing_json.SelfDescribingJson object at 0x000001BAEA7AEBA0>, <snowplow_tracker.self_describing_json.SelfDescribingJson object at 0x000001BAEC643470>]}
[0m14:00:57.542282 [debug] [MainThread]: Flushing usage events
[0m14:01:03.451751 [debug] [MainThread]: An error was encountered while trying to flush usage events
